\BOOKMARK [0][-]{chapter*.5}{\376\377\000C\000o\000n\000t\000e\000n\000t\000s}{}% 1
\BOOKMARK [0][-]{chapter*.8}{\376\377\000L\000i\000s\000t\000\040\000o\000f\000\040\000T\000a\000b\000l\000e\000s}{}% 2
\BOOKMARK [0][-]{chapter*.11}{\376\377\000L\000i\000s\000t\000\040\000o\000f\000\040\000F\000i\000g\000u\000r\000e\000s}{}% 3
\BOOKMARK [0][-]{chapter*.15}{\376\377\000L\000I\000S\000T\000\040\000O\000F\000\040\000A\000C\000R\000O\000N\000Y\000M\000S}{}% 4
\BOOKMARK [0][-]{chapter*.17}{\376\377\000L\000I\000S\000T\000\040\000O\000F\000\040\000S\000Y\000M\000B\000O\000L\000S}{}% 5
\BOOKMARK [0][-]{chapter*.24}{\376\377\000A\000b\000s\000t\000r\000a\000c\000t}{}% 6
\BOOKMARK [0][-]{chapter.1}{\376\377\000I\000n\000t\000r\000o\000d\000u\000c\000t\000i\000o\000n}{}% 7
\BOOKMARK [1][-]{section.1.1}{\376\377\000B\000i\000o\000p\000o\000l\000y\000m\000e\000r\000s\000\040\000a\000n\000d\000\040\000S\000u\000s\000t\000a\000i\000n\000a\000b\000l\000e\000\040\000M\000a\000t\000e\000r\000i\000a\000l\000s}{chapter.1}% 8
\BOOKMARK [1][-]{section.1.2}{\376\377\000D\000e\000v\000e\000l\000o\000p\000i\000n\000g\000\040\000C\000i\000r\000c\000u\000l\000a\000r\000\040\000E\000c\000o\000n\000o\000m\000i\000e\000s}{chapter.1}% 9
\BOOKMARK [1][-]{section.1.3}{\376\377\000M\000e\000e\000t\000i\000n\000g\000\040\000G\000l\000o\000b\000a\000l\000\040\000D\000e\000m\000a\000n\000d\000\040\000a\000n\000d\000\040\000F\000e\000e\000d\000s\000t\000o\000c\000k\000\040\000D\000i\000v\000e\000r\000s\000i\000f\000i\000c\000a\000t\000i\000o\000n}{chapter.1}% 10
\BOOKMARK [1][-]{section.1.4}{\376\377\000E\000m\000e\000r\000g\000i\000n\000g\000\040\000T\000e\000c\000h\000n\000o\000l\000o\000g\000i\000c\000a\000l\000\040\000I\000n\000t\000e\000r\000e\000s\000t}{chapter.1}% 11
\BOOKMARK [1][-]{section.1.5}{\376\377\000P\000r\000o\000b\000l\000e\000m\000\040\000S\000t\000a\000t\000e\000m\000e\000n\000t\000\040\000a\000n\000d\000\040\000R\000e\000s\000e\000a\000r\000c\000h\000\040\000M\000o\000t\000i\000v\000a\000t\000i\000o\000n}{chapter.1}% 12
\BOOKMARK [1][-]{section.1.6}{\376\377\000R\000e\000s\000e\000a\000r\000c\000h\000\040\000O\000b\000j\000e\000c\000t\000i\000v\000e\000s\000\040\000a\000n\000d\000\040\000S\000c\000o\000p\000e}{chapter.1}% 13
\BOOKMARK [1][-]{section.1.7}{\376\377\000T\000h\000e\000s\000i\000s\000\040\000O\000r\000g\000a\000n\000i\000z\000a\000t\000i\000o\000n}{chapter.1}% 14
\BOOKMARK [0][-]{chapter.2}{\376\377\000L\000i\000t\000e\000r\000a\000t\000u\000r\000e\000\040\000R\000e\000v\000i\000e\000w}{}% 15
\BOOKMARK [1][-]{section.2.1}{\376\377\000M\000o\000l\000e\000c\000u\000l\000a\000r\000\040\000S\000t\000r\000u\000c\000t\000u\000r\000e\000\040\000a\000n\000d\000\040\000C\000o\000l\000l\000o\000i\000d\000a\000l\000\040\000S\000t\000a\000b\000i\000l\000i\000z\000a\000t\000i\000o\000n}{chapter.2}% 16
\BOOKMARK [1][-]{section.2.2}{\376\377\000T\000h\000e\000\040\000T\000h\000e\000o\000r\000y\000\040\000o\000f\000\040\000N\000a\000t\000u\000r\000a\000l\000\040\000R\000u\000b\000b\000e\000r\000\040\000L\000a\000t\000e\000x}{chapter.2}% 17
\BOOKMARK [1][-]{section.2.3}{\376\377\000C\000o\000l\000l\000o\000i\000d\000s}{chapter.2}% 18
\BOOKMARK [1][-]{section.2.4}{\376\377\000S\000u\000s\000p\000e\000n\000s\000i\000o\000n\000s\000\040\000R\000h\000e\000o\000l\000o\000g\000y\000\040\000a\000n\000d\000\040\000T\000h\000e\000o\000r\000e\000t\000i\000c\000a\000l\000\040\000M\000o\000d\000e\000l\000s}{chapter.2}% 19
\BOOKMARK [1][-]{section.2.5}{\376\377\000A\000d\000d\000i\000t\000i\000v\000e\000\040\000M\000a\000n\000u\000f\000a\000c\000t\000u\000r\000i\000n\000g}{chapter.2}% 20
\BOOKMARK [0][-]{chapter.3}{\376\377\000R\000e\000s\000e\000a\000r\000c\000h\000\040\000M\000e\000t\000h\000o\000d\000o\000l\000o\000g\000y}{}% 21
\BOOKMARK [1][-]{section.3.1}{\376\377\000S\000o\000u\000r\000c\000i\000n\000g\000,\000\040\000T\000r\000a\000c\000e\000a\000b\000i\000l\000i\000t\000y\000,\000\040\000a\000n\000d\000\040\000R\000a\000t\000i\000o\000n\000a\000l\000e\000:\000\040\000N\000a\000t\000u\000r\000a\000l\000\040\000R\000u\000b\000b\000e\000r\000\040\000L\000a\000t\000e\000x\000\040\000P\000r\000e\000s\000e\000r\000v\000a\000t\000i\000o\000n\000\040\000S\000y\000s\000t\000e\000m\000s}{chapter.3}% 22
\BOOKMARK [1][-]{section.3.2}{\376\377\000S\000p\000e\000c\000t\000r\000o\000s\000c\000o\000p\000i\000c\000\040\000a\000n\000d\000\040\000A\000n\000a\000l\000y\000t\000i\000c\000a\000l\000\040\000R\000e\000a\000g\000e\000n\000t\000s}{chapter.3}% 23
\BOOKMARK [1][-]{section.3.3}{\376\377\000R\000h\000e\000o\000l\000o\000g\000i\000c\000a\000l\000\040\000C\000h\000a\000r\000a\000c\000t\000e\000r\000i\000z\000a\000t\000i\000o\000n}{chapter.3}% 24
\BOOKMARK [1][-]{section.3.4}{\376\377\000N\000u\000c\000l\000e\000a\000r\000\040\000M\000a\000g\000n\000e\000t\000i\000c\000\040\000R\000e\000s\000o\000n\000a\000n\000c\000e\000\040\000\050\000N\000M\000R\000\051}{chapter.3}% 25
\BOOKMARK [1][-]{section.3.5}{\376\377\000C\000o\000m\000p\000o\000n\000e\000n\000t\000s\000\040\000a\000n\000d\000\040\000P\000r\000o\000t\000o\000c\000o\000l\000s\000\040\000o\000f\000\040\000N\000R\000L\000\040\000P\000h\000o\000t\000o\000r\000e\000s\000i\000n\000\040\000F\000o\000r\000m\000u\000l\000a\000t\000i\000o\000n}{chapter.3}% 26
\BOOKMARK [1][-]{section.3.6}{\376\377\000M\000a\000t\000e\000r\000i\000a\000l\000\040\000C\000h\000a\000r\000a\000c\000t\000e\000r\000i\000z\000a\000t\000i\000o\000n\000s}{chapter.3}% 27
\BOOKMARK [1][-]{section.3.7}{\376\377\000M\000e\000c\000h\000a\000n\000i\000c\000a\000l\000\040\000C\000h\000a\000r\000a\000c\000t\000e\000r\000i\000z\000a\000t\000i\000o\000n\000s}{chapter.3}% 28
\BOOKMARK [1][-]{section.3.8}{\376\377\000D\000L\000P\000\040\0003\000D\000\040\000P\000r\000i\000n\000t\000i\000n\000g}{chapter.3}% 29
\BOOKMARK [0][-]{chapter*.92}{\376\377\000C\000o\000l\000o\000p\000h\000o\000n}{}% 30
\BOOKMARK [0][-]{section*.95}{\376\377\000R\000e\000f\000e\000r\000e\000n\000c\000e\000s}{}% 31
