This is pdfTeX, Version 3.141592653-2.6-1.40.28 (MiKTeX 25.12) (preloaded format=pdflatex 2026.1.26)  5 FEB 2026 19:27
entering extended mode
 restricted \write18 enabled.
 %&-line parsing enabled.
**./dissertation.tex
(dissertation.tex
LaTeX2e <2025-11-01>
L3 programming layer <2025-12-24>
(C:\Users\dibis\AppData\Local\Programs\MiKTeX\tex/latex/memoir\memoir.cls
Document Class: memoir 2025/11/04 v3.8.4b configurable book, report, article do
cument class
(C:\Users\dibis\AppData\Local\Programs\MiKTeX\tex/latex/xpatch\xpatch.sty
(C:\Users\dibis\AppData\Local\Programs\MiKTeX\tex/latex/l3kernel\expl3.sty
Package: expl3 2025-12-24 L3 programming layer (loader) 

(C:\Users\dibis\AppData\Local\Programs\MiKTeX\tex/latex/l3backend\l3backend-pdf
tex.def
File: l3backend-pdftex.def 2025-10-09 L3 backend support: PDF output (pdfTeX)
\l__color_backend_stack_int=\count275
))
Package: xpatch 2020/03/25 v0.3a Extending etoolbox patching commands

(C:\Users\dibis\AppData\Local\Programs\MiKTeX\tex/latex/l3packages/xparse\xpars
e.sty
Package: xparse 2025-10-09 L3 Experimental document command parser
)
(C:\Users\dibis\AppData\Local\Programs\MiKTeX\tex/latex/etoolbox\etoolbox.sty
Package: etoolbox 2025/10/02 v2.5m e-TeX tools for LaTeX (JAW)
\etb@tempcnta=\count276
))
\onelineskip=\skip49
\lxvchars=\skip50
\xlvchars=\skip51
\@memcnta=\count277
\c@@memmarkcntra=\count278
(C:\Users\dibis\AppData\Local\Programs\MiKTeX\tex/generic/iftex\iftex.sty
Package: iftex 2024/12/12 v1.0g TeX engine tests
)
\trimtop=\skip52
\trimedge=\skip53

(C:\Users\dibis\AppData\Local\Programs\MiKTeX\tex/latex/memoir\mem12.clo
File: mem12.clo 2022/07/29 v0.5 memoir class 12pt size option
)
\binding=\skip54
\spinemargin=\skip55
\foremargin=\skip56
\uppermargin=\skip57
\lowermargin=\skip58
\headdrop=\skip59
\normalrulethickness=\skip60
\mem@maxheadheight=\skip61
\mem@maxfootheight=\skip62
\headwidth=\skip63
\c@storedpagenumber=\count279
\memPD=\dimen148
\m@mabparskip=\skip64
\thanksmarkwidth=\skip65
\thanksmarksep=\skip66
\droptitle=\skip67
\c@book=\count280
\c@part=\count281
\c@chapter=\count282
\c@section=\count283
\c@subsection=\count284
\c@subsubsection=\count285
\c@paragraph=\count286
\c@subparagraph=\count287
\beforechapskip=\skip68
\midchapskip=\skip69
\afterchapskip=\skip70
\chapindent=\skip71
\bottomsectionskip=\skip72
\secindent=\skip73
\beforesecskip=\skip74
\aftersecskip=\skip75
\subsecindent=\skip76
\beforesubsecskip=\skip77
\aftersubsecskip=\skip78
\subsubsecindent=\skip79
\beforesubsubsecskip=\skip80
\aftersubsubsecskip=\skip81
\paraindent=\skip82
\beforeparaskip=\skip83
\afterparaskip=\skip84
\subparaindent=\skip85
\beforesubparaskip=\skip86
\aftersubparaskip=\skip87
\pfbreakskip=\skip88
\c@@ppsavesec=\count288
\c@@ppsaveapp=\count289
\ragrparindent=\dimen149
\everylistparindent=\dimen150
\parsepi=\skip89
\topsepi=\skip90
\itemsepi=\skip91
\parsepii=\skip92
\topsepii=\skip93
\topsepiii=\skip94
\itemsepii=\skip95
\itemsepiii=\skip96
\partopsepii=\skip97
\partopsepiii=\skip98
\m@msavetopsep=\skip99
\m@msavepartopsep=\skip100
\@enLab=\toks17
\abstitleskip=\skip101
\absleftindent=\skip102
\abs@leftindent=\dimen151
\absrightindent=\skip103
\absparindent=\skip104
\absparsep=\skip105
\c@vslineno=\count290
\c@poemline=\count291
\c@modulo@vs=\count292
\c@memfvsline=\count293
\vleftskip=\skip106
\vrightskip=\skip107
\stanzaskip=\skip108
\versewidth=\skip109
\vgap=\skip110
\vindent=\skip111
\vleftmargin=\dimen152
\c@verse=\count294
\c@chrsinstr=\count295
\beforepoemtitleskip=\skip112
\afterpoemtitleskip=\skip113
\c@poem=\count296
\beforePoemTitleskip=\skip114
\midPoemTitleskip=\skip115
\afterPoemTitleskip=\skip116

(C:\Users\dibis\AppData\Local\Programs\MiKTeX\tex/latex/tools\array.sty
Package: array 2025/09/25 v2.6n Tabular extension package (FMi)
\col@sep=\dimen153
\ar@mcellbox=\box53
\extrarowheight=\dimen154
\NC@list=\toks18
\extratabsurround=\skip117
\backup@length=\skip118
\ar@cellbox=\box54
)
(C:\Users\dibis\AppData\Local\Programs\MiKTeX\tex/latex/tools\dcolumn.sty
Package: dcolumn 2025/10/21 v1.06 decimal alignment package (DPC)
)
(C:\Users\dibis\AppData\Local\Programs\MiKTeX\tex/latex/tools\delarray.sty
Package: delarray 2014/10/28 v1.01 array delimiter package (DPC)
)
(C:\Users\dibis\AppData\Local\Programs\MiKTeX\tex/latex/tools\tabularx.sty
Package: tabularx 2023/12/11 v2.12a `tabularx' package (DPC)
\TX@col@width=\dimen155
\TX@old@table=\dimen156
\TX@old@col=\dimen157
\TX@target=\dimen158
\TX@delta=\dimen159
\TX@cols=\count297
\TX@ftn=\toks19
)
(C:\Users\dibis\AppData\Local\Programs\MiKTeX\tex/latex/booktabs\booktabs.sty
Package: booktabs 2020/01/12 v1.61803398 Publication quality tables
\heavyrulewidth=\dimen160
\lightrulewidth=\dimen161
\cmidrulewidth=\dimen162
\belowrulesep=\dimen163
\belowbottomsep=\dimen164
\aboverulesep=\dimen165
\abovetopsep=\dimen166
\cmidrulesep=\dimen167
\cmidrulekern=\dimen168
\defaultaddspace=\dimen169
\@cmidla=\count298
\@cmidlb=\count299
\@aboverulesep=\dimen170
\@belowrulesep=\dimen171
\@thisruleclass=\count300
\@lastruleclass=\count301
\@thisrulewidth=\dimen172
)
\ctableftskip=\skip119
\ctabrightskip=\skip120
\abovecolumnspenalty=\count302
\@linestogo=\count303
\@cellstogo=\count304
\@cellsincolumn=\count305
\crtok=\toks20
\@mincolumnwidth=\dimen173
\c@newflo@tctr=\count306
\mem@margin@floatbox=\box55
\@contcwidth=\skip121
\@contindw=\skip122
\abovecaptionskip=\skip123
\belowcaptionskip=\skip124
\subfloattopskip=\skip125
\subfloatcapskip=\skip126
\subfloatcaptopadj=\skip127
\subfloatbottomskip=\skip128
\subfloatlabelskip=\skip129
\subfloatcapmargin=\dimen174
\c@@contsubnum=\count307
\m@mscap@capbox=\box56
\m@mscap@fbox=\box57
\sidecapsep=\dimen175
\sidecapwidth=\dimen176
\m@m@tempdima=\dimen177
\m@mscapraise=\dimen178
\sidecapraise=\dimen179
\m@mscapmainwidth=\dimen180
\m@mscaplkern=\dimen181
\beforeepigraphskip=\skip130
\afterepigraphskip=\skip131
\epigraphwidth=\skip132
\epigraphrule=\skip133

(C:\Users\dibis\AppData\Local\Programs\MiKTeX\tex/latex/hyperref\nameref.sty
Package: nameref 2025-06-21 v2.57 Cross-referencing by name of section

(C:\Users\dibis\AppData\Local\Programs\MiKTeX\tex/latex/refcount\refcount.sty
Package: refcount 2019/12/15 v3.6 Data extraction from label references (HO)

(C:\Users\dibis\AppData\Local\Programs\MiKTeX\tex/generic/ltxcmds\ltxcmds.sty
Package: ltxcmds 2023-12-04 v1.26 LaTeX kernel commands for general use (HO)
)
(C:\Users\dibis\AppData\Local\Programs\MiKTeX\tex/generic/infwarerr\infwarerr.s
ty
Package: infwarerr 2019/12/03 v1.5 Providing info/warning/error messages (HO)
))
(C:\Users\dibis\AppData\Local\Programs\MiKTeX\tex/generic/gettitlestring\gettit
lestring.sty
Package: gettitlestring 2019/12/15 v1.6 Cleanup title references (HO)

(C:\Users\dibis\AppData\Local\Programs\MiKTeX\tex/latex/kvoptions\kvoptions.sty
Package: kvoptions 2022-06-15 v3.15 Key value format for package options (HO)
(C:\Users\dibis\AppData\Local\Programs\MiKTeX\tex/latex/graphics\keyval.sty
Package: keyval 2022/05/29 v1.15 key=value parser (DPC)
\KV@toks@=\toks21
)
(C:\Users\dibis\AppData\Local\Programs\MiKTeX\tex/latex/kvsetkeys\kvsetkeys.sty
Package: kvsetkeys 2022-10-05 v1.19 Key value parser (HO)
)))
\c@section@level=\count308
)
\tocentryskip=\skip134
\tocbaseline=\skip135
\cftparskip=\skip136
\cftbeforebookskip=\skip137
\cftbookindent=\dimen182
\cftbooknumwidth=\dimen183
\cftbeforepartskip=\skip138
\cftpartindent=\skip139
\cftpartnumwidth=\skip140
\cftbeforechapterskip=\skip141
\cftchapterindent=\skip142
\cftchapternumwidth=\skip143
\cftbeforesectionskip=\skip144
\cftsectionindent=\skip145
\cftsectionnumwidth=\skip146
\cftbeforesubsectionskip=\skip147
\cftsubsectionindent=\skip148
\cftsubsectionnumwidth=\skip149
\cftbeforesubsubsectionskip=\skip150
\cftsubsubsectionindent=\skip151
\cftsubsubsectionnumwidth=\skip152
\cftbeforeparagraphskip=\skip153
\cftparagraphindent=\skip154
\cftparagraphnumwidth=\skip155
\cftbeforesubparagraphskip=\skip156
\cftsubparagraphindent=\skip157
\cftsubparagraphnumwidth=\skip158
\prechapterprecisshift=\dimen184
\c@maxsecnumdepth=\count309
\bibindent=\dimen185
\bibitemsep=\skip159
\indexcolsep=\skip160
\indexrule=\skip161
\indexmarkstyle=\toks22
\@indexbox=\insert252
LaTeX Info: Redefining \raggedbottom on input line 8095.
LaTeX Info: Redefining \flushbottom on input line 8099.
\glossarycolsep=\dimen186
\glossaryrule=\dimen187
\sideparvshift=\skip162
\sideins=\insert251
\sidebartopsep=\skip163
\sidebarhsep=\skip164
\sidebarvsep=\skip165
\sidebarwidth=\skip166
\footmarkwidth=\skip167
\footmarksep=\skip168
\footparindent=\skip169
\footinsdim=\skip170
\footinsv@r=\insert250
\@mpfootinsv@r=\insert249
\m@m@k=\count310
\m@m@h=\dimen188
\m@mipn@skip=\skip171
\sidefootins=\insert248
\sidefootadjust=\skip172
\sidefootheight=\skip173
\sidefoothsep=\skip174
\sidefootvsep=\skip175
\sidefootwidth=\skip176
\m@mdownsf=\skip177
\c@sidefootnote=\count311
\sidefootmarkwidth=\skip178
\sidefootmarksep=\skip179
\sidefootparindent=\skip180
\c@pagenote=\count312
\c@pagenoteshadow=\count313
\mem@pn@lastkern=\skip181
 (C:\Users\dibis\AppData\Local\Programs\MiKTeX\tex/latex/tools\verbatim.sty
Package: verbatim 2024-01-22 v1.5x LaTeX2e package for verbatim enhancements
\every@verbatim=\toks23
\verbatim@line=\toks24
\verbatim@in@stream=\read2
)
\verbatimindent=\skip182
\verbatim@out=\write3
 (C:\Users\dibis\AppData\Local\Programs\MiKTeX\tex/latex/base\shortvrb.sty
Package: shortvrb 2024/12/25 v3.0q Standard LaTeX documentation package V3 (FMi
)
)
\bvboxsep=\skip183
\c@memfbvline=\count314
\c@bvlinectr=\count315
\bvnumlength=\skip184
\fb@frw=\dimen189
\fb@frh=\dimen190
\FrameRule=\dimen191
\FrameSep=\dimen192
\c@cp@cntr=\count316
\c@ism@mctr=\count317
\c@xsm@mctr=\count318
\c@csm@mctr=\count319
\c@ksm@mctr=\count320
\c@xksm@mctr=\count321
\c@cksm@mctr=\count322
\c@msm@mctr=\count323
\c@xmsm@mctr=\count324
\c@cmsm@mctr=\count325
\c@bsm@mctr=\count326
\c@workm@mctr=\count327
\c@sheetsequence=\count328
\c@lastsheet=\count329
\c@lastpage=\count330
\c@figure=\count331
\c@lofdepth=\count332
\cftbeforefigureskip=\skip185
\cftfigureindent=\skip186
\cftfigurenumwidth=\skip187
\c@table=\count333
\c@lotdepth=\count334
\cftbeforetableskip=\skip188
\cfttableindent=\skip189
\cfttablenumwidth=\skip190
Package abstract [2008/07/23] emulated by memoir.
Package appendix [2008/07/23] emulated by memoir.
Package ccaption [2008/07/23] emulated by memoir.
Package changepage [2008/07/23] emulated by memoir.
Package chngcntr [2008/07/23] emulated by memoir.
Package chngpage [2008/07/23] emulated by memoir.
Package crop emulated by memoir.
Package enumerate [2008/07/23] emulated by memoir.
Package epigraph [2008/07/23] emulated by memoir.
Package ifmtarg [2008/07/23] emulated by memoir.
Package index [2008/07/23] emulated by memoir.
Package makeidx [2008/07/23] emulated by memoir.
Package moreverb [2008/07/23] emulated by memoir.
Package needspace [2008/07/23] emulated by memoir.
Package newfile [2008/07/23] emulated by memoir.
Package nextpage [2008/07/23] emulated by memoir.
Package pagenote [2008/07/23] emulated by memoir.
Package parskip [2008/07/23] emulated by memoir.
Package patchcmd [2008/07/23] emulated by memoir.
Package setspace [2008/07/23] emulated by memoir.
Package showidx [2008/07/23] emulated by memoir.
Package titleref [2008/07/23] emulated by memoir.
Package titling [2008/07/23] emulated by memoir.
Package tocbibind [2008/07/23] emulated by memoir.
Package tocloft [2008/07/23] emulated by memoir.
Package tocvsec2 [2008/07/23] emulated by memoir.
Package verse [2008/07/23] emulated by memoir.
)
(includes/preamble.tex
(C:\Users\dibis\AppData\Local\Programs\MiKTeX\tex/latex/natbib\natbib.sty
Package: natbib 2010/09/13 8.31b (PWD, AO)
\bibhang=\skip191
\bibsep=\skip192
LaTeX Info: Redefining \cite on input line 694.
\c@NAT@ctr=\count335
)
(C:\Users\dibis\AppData\Local\Programs\MiKTeX\tex/latex/setspace\setspace.sty
Package: setspace 2022/12/04 v6.7b set line spacing
)
(enumitem.sty
Package: enumitem 2007/06/30 v2.1 Customized lists
\enit@toks=\toks25
\labelindent=\skip193
\enit@outerparindent=\dimen193
\enitdp@desc=\count336
)
\c@hanglisti=\count337
\enitdp@hanglist=\count338

(C:\Users\dibis\AppData\Local\Programs\MiKTeX\tex/latex/amsfonts\amssymb.sty
Package: amssymb 2013/01/14 v3.01 AMS font symbols

(C:\Users\dibis\AppData\Local\Programs\MiKTeX\tex/latex/amsfonts\amsfonts.sty
Package: amsfonts 2013/01/14 v3.01 Basic AMSFonts support
\@emptytoks=\toks26
\symAMSa=\mathgroup4
\symAMSb=\mathgroup5
LaTeX Font Info:    Redeclaring math symbol \hbar on input line 98.
LaTeX Font Info:    Overwriting math alphabet `\mathfrak' in version `bold'
(Font)                  U/euf/m/n --> U/euf/b/n on input line 106.
)) (C:\Users\dibis\AppData\Local\Programs\MiKTeX\tex/latex/amsmath\amsmath.sty
Package: amsmath 2025/07/09 v2.17z AMS math features
\@mathmargin=\skip194

For additional information on amsmath, use the `?' option.
(C:\Users\dibis\AppData\Local\Programs\MiKTeX\tex/latex/amsmath\amstext.sty
Package: amstext 2024/11/17 v2.01 AMS text

(C:\Users\dibis\AppData\Local\Programs\MiKTeX\tex/latex/amsmath\amsgen.sty
File: amsgen.sty 1999/11/30 v2.0 generic functions
\@emptytoks=\toks27
\ex@=\dimen194
))
(C:\Users\dibis\AppData\Local\Programs\MiKTeX\tex/latex/amsmath\amsbsy.sty
Package: amsbsy 1999/11/29 v1.2d Bold Symbols
\pmbraise@=\dimen195
)
(C:\Users\dibis\AppData\Local\Programs\MiKTeX\tex/latex/amsmath\amsopn.sty
Package: amsopn 2022/04/08 v2.04 operator names
)
\inf@bad=\count339
LaTeX Info: Redefining \frac on input line 233.
\uproot@=\count340
\leftroot@=\count341
LaTeX Info: Redefining \overline on input line 398.
LaTeX Info: Redefining \colon on input line 409.
\classnum@=\count342
\DOTSCASE@=\count343
LaTeX Info: Redefining \ldots on input line 495.
LaTeX Info: Redefining \dots on input line 498.
LaTeX Info: Redefining \cdots on input line 619.
\Mathstrutbox@=\box58
\strutbox@=\box59
LaTeX Info: Redefining \big on input line 721.
LaTeX Info: Redefining \Big on input line 722.
LaTeX Info: Redefining \bigg on input line 723.
LaTeX Info: Redefining \Bigg on input line 724.
\big@size=\dimen196
LaTeX Font Info:    Redeclaring font encoding OML on input line 742.
LaTeX Font Info:    Redeclaring font encoding OMS on input line 743.
\macc@depth=\count344
LaTeX Info: Redefining \bmod on input line 904.
LaTeX Info: Redefining \pmod on input line 909.
LaTeX Info: Redefining \smash on input line 939.
LaTeX Info: Redefining \relbar on input line 969.
LaTeX Info: Redefining \Relbar on input line 970.
\c@MaxMatrixCols=\count345
\dotsspace@=\muskip17
\c@parentequation=\count346
\dspbrk@lvl=\count347
\tag@help=\toks28
\row@=\count348
\column@=\count349
\maxfields@=\count350
\andhelp@=\toks29
\eqnshift@=\dimen197
\alignsep@=\dimen198
\tagshift@=\dimen199
\tagwidth@=\dimen256
\totwidth@=\dimen257
\lineht@=\dimen258
\@envbody=\toks30
\multlinegap=\skip195
\multlinetaggap=\skip196
\mathdisplay@stack=\toks31
LaTeX Info: Redefining \[ on input line 2950.
LaTeX Info: Redefining \] on input line 2951.
)
(C:\Users\dibis\AppData\Local\Programs\MiKTeX\tex/latex/amscls\amsthm.sty
Package: amsthm 2020/05/29 v2.20.6
\thm@style=\toks32
\thm@bodyfont=\toks33
\thm@headfont=\toks34
\thm@notefont=\toks35
\thm@headpunct=\toks36
\thm@preskip=\skip197
\thm@postskip=\skip198
\thm@headsep=\skip199
\dth@everypar=\toks37
)
(C:\Users\dibis\AppData\Local\Programs\MiKTeX\tex/latex/hyperref\hyperref.sty
Package: hyperref 2025-07-12 v7.01o Hypertext links for LaTeX

(C:\Users\dibis\AppData\Local\Programs\MiKTeX\tex/generic/kvdefinekeys\kvdefine
keys.sty
Package: kvdefinekeys 2019-12-19 v1.6 Define keys (HO)
)
(C:\Users\dibis\AppData\Local\Programs\MiKTeX\tex/generic/pdfescape\pdfescape.s
ty
Package: pdfescape 2019/12/09 v1.15 Implements pdfTeX's escape features (HO)

(C:\Users\dibis\AppData\Local\Programs\MiKTeX\tex/generic/pdftexcmds\pdftexcmds
.sty
Package: pdftexcmds 2020-06-27 v0.33 Utility functions of pdfTeX for LuaTeX (HO
)
Package pdftexcmds Info: \pdf@primitive is available.
Package pdftexcmds Info: \pdf@ifprimitive is available.
Package pdftexcmds Info: \pdfdraftmode found.
))
(C:\Users\dibis\AppData\Local\Programs\MiKTeX\tex/latex/hycolor\hycolor.sty
Package: hycolor 2020-01-27 v1.10 Color options for hyperref/bookmark (HO)
)
(C:\Users\dibis\AppData\Local\Programs\MiKTeX\tex/generic/stringenc\stringenc.s
ty
Package: stringenc 2019/11/29 v1.12 Convert strings between diff. encodings (HO
)
)
\@linkdim=\dimen259
\Hy@linkcounter=\count351
\Hy@pagecounter=\count352
 (C:\Users\dibis\AppData\Local\Programs\MiKTeX\tex/latex/hyperref\pd1enc.def
File: pd1enc.def 2025-07-12 v7.01o Hyperref: PDFDocEncoding definition (HO)
Now handling font encoding PD1 ...
... no UTF-8 mapping file for font encoding PD1
) (C:\Users\dibis\AppData\Local\Programs\MiKTeX\tex/generic/intcalc\intcalc.sty
Package: intcalc 2019/12/15 v1.3 Expandable calculations with integers (HO)
)
\Hy@SavedSpaceFactor=\count353
 (C:\Users\dibis\AppData\Local\Programs\MiKTeX\tex/latex/hyperref\puenc.def
File: puenc.def 2025-07-12 v7.01o Hyperref: PDF Unicode definition (HO)
Now handling font encoding PU ...
... no UTF-8 mapping file for font encoding PU
)
Package hyperref Info: Hyper figures OFF on input line 4195.
Package hyperref Info: Link nesting OFF on input line 4200.
Package hyperref Info: Hyper index ON on input line 4203.
Package hyperref Info: Plain pages OFF on input line 4210.
Package hyperref Info: Backreferencing OFF on input line 4215.
Package hyperref Info: Implicit mode ON; LaTeX internals redefined.
Package hyperref Info: Bookmarks ON on input line 4462.
\c@Hy@tempcnt=\count354

(C:\Users\dibis\AppData\Local\Programs\MiKTeX\tex/latex/url\url.sty
\Urlmuskip=\muskip18
Package: url 2013/09/16  ver 3.4  Verb mode for urls, etc.
)
LaTeX Info: Redefining \url on input line 4801.
\XeTeXLinkMargin=\dimen260

(C:\Users\dibis\AppData\Local\Programs\MiKTeX\tex/generic/bitset\bitset.sty
Package: bitset 2019/12/09 v1.3 Handle bit-vector datatype (HO)

(C:\Users\dibis\AppData\Local\Programs\MiKTeX\tex/generic/bigintcalc\bigintcalc
.sty
Package: bigintcalc 2019/12/15 v1.5 Expandable calculations on big integers (HO
)
))
\Fld@menulength=\count355
\Field@Width=\dimen261
\Fld@charsize=\dimen262
Package hyperref Info: Hyper figures OFF on input line 6078.
Package hyperref Info: Link nesting OFF on input line 6083.
Package hyperref Info: Hyper index ON on input line 6086.
Package hyperref Info: backreferencing OFF on input line 6093.
Package hyperref Info: Link coloring OFF on input line 6098.
Package hyperref Info: Link coloring with OCG OFF on input line 6103.
Package hyperref Info: PDF/A mode OFF on input line 6108.
\Hy@abspage=\count356
\c@Item=\count357
\c@Hfootnote=\count358
)
Package hyperref Info: Driver (autodetected): hpdftex.

(C:\Users\dibis\AppData\Local\Programs\MiKTeX\tex/latex/hyperref\hpdftex.def
File: hpdftex.def 2025-07-12 v7.01o Hyperref driver for pdfTeX
\Fld@listcount=\count359
\c@bookmark@seq@number=\count360

(C:\Users\dibis\AppData\Local\Programs\MiKTeX\tex/latex/rerunfilecheck\rerunfil
echeck.sty
Package: rerunfilecheck 2025-06-21 v1.11 Rerun checks for auxiliary files (HO)

(C:\Users\dibis\AppData\Local\Programs\MiKTeX\tex/generic/uniquecounter\uniquec
ounter.sty
Package: uniquecounter 2019/12/15 v1.4 Provide unlimited unique counter (HO)
)
Package uniquecounter Info: New unique counter `rerunfilecheck' on input line 2
84.
)
\Hy@SectionHShift=\skip256
)
(C:\Users\dibis\AppData\Local\Programs\MiKTeX\tex/latex/memoir\memhfixc.sty
Package: memhfixc 2025/09/16 v1.24 hyperref package fixes for memoir class
\c@memhycontfloat=\count361
\c@mem@Hpagenote=\count362
)
(C:\Users\dibis\AppData\Local\Programs\MiKTeX\tex/latex/acronym\acronym.sty
Package: acronym 2025/01/17 v1.50 Support for acronyms (Tobias Oetiker)

(C:\Users\dibis\AppData\Local\Programs\MiKTeX\tex/latex/bigfoot\suffix.sty
Package: suffix 2006/07/15 1.5a Variant command support
)
(C:\Users\dibis\AppData\Local\Programs\MiKTeX\tex/latex/xstring\xstring.sty
(C:\Users\dibis\AppData\Local\Programs\MiKTeX\tex/generic/xstring\xstring.tex
\xs_counta=\count363
\xs_countb=\count364
)
Package: xstring 2023/08/22 v1.86 String manipulations (CT)
)
\AC@clearlist=\toks38
)
(C:\Users\dibis\AppData\Local\Programs\MiKTeX\tex/latex/mathpartir\mathpartir.s
ty
Package: mathpartir 2016/02/24 version 1.3.2 Math Paragraph for Typesetting Inf
erence Rules
\mpr@andskip=\skip257
\mpr@lista=\toks39
\mpr@listb=\toks40
\mpr@hlist=\box60
\mpr@vlist=\box61
\mpr@right=\box62
)
(C:\Users\dibis\AppData\Local\Programs\MiKTeX\tex/latex/listings\listings.sty
\lst@mode=\count365
\lst@gtempboxa=\box63
\lst@token=\toks41
\lst@length=\count366
\lst@currlwidth=\dimen263
\lst@column=\count367
\lst@pos=\count368
\lst@lostspace=\dimen264
\lst@width=\dimen265
\lst@newlines=\count369
\lst@lineno=\count370
\lst@maxwidth=\dimen266

(C:\Users\dibis\AppData\Local\Programs\MiKTeX\tex/latex/listings\lstpatch.sty
File: lstpatch.sty 2025/11/14 1.11b (Carsten Heinz)
)
(C:\Users\dibis\AppData\Local\Programs\MiKTeX\tex/latex/listings\lstmisc.sty
File: lstmisc.sty 2025/11/14 1.11b (Carsten Heinz)
\c@lstnumber=\count371
\lst@skipnumbers=\count372
\lst@framebox=\box64
)
(C:\Users\dibis\AppData\Local\Programs\MiKTeX\tex/latex/listings\listings.cfg
File: listings.cfg 2025/11/14 1.11b listings configuration
))
Package: listings 2025/11/14 1.11b (Carsten Heinz)
==> First Aid for listings.sty no longer applied!
    Expected:
        2024/09/23 1.10c (Carsten Heinz)
    but found:
        2025/11/14 1.11b (Carsten Heinz)
    so I'm assuming it got fixed.

(C:\Users\dibis\AppData\Local\Programs\MiKTeX\tex/latex/microtype\microtype.sty
Package: microtype 2025/07/09 v3.2b Micro-typographical refinements (RS)
\MT@toks=\toks42
\MT@tempbox=\box65
\MT@count=\count373
LaTeX Info: Redefining \noprotrusionifhmode on input line 1087.
LaTeX Info: Redefining \leftprotrusion on input line 1088.
\MT@prot@toks=\toks43
LaTeX Info: Redefining \rightprotrusion on input line 1107.
LaTeX Info: Redefining \textls on input line 1449.
\MT@outer@kern=\dimen267
LaTeX Info: Redefining \microtypecontext on input line 2053.
LaTeX Info: Redefining \textmicrotypecontext on input line 2070.
\MT@listname@count=\count374

(C:\Users\dibis\AppData\Local\Programs\MiKTeX\tex/latex/microtype\microtype-pdf
tex.def
File: microtype-pdftex.def 2025/07/09 v3.2b Definitions specific to pdftex (RS)

LaTeX Info: Redefining \lsstyle on input line 944.
LaTeX Info: Redefining \lslig on input line 944.
\MT@outer@space=\skip258
)
Package microtype Info: Loading configuration file microtype.cfg.

(C:\Users\dibis\AppData\Local\Programs\MiKTeX\tex/latex/microtype\microtype.cfg
File: microtype.cfg 2025/07/09 v3.2b microtype main configuration file (RS)
)
LaTeX Info: Redefining \microtypesetup on input line 3065.
)
(C:\Users\dibis\AppData\Local\Programs\MiKTeX\tex/latex/boxedminipage\boxedmini
page.sty
Package: boxedminipage 2020/04/19 v1.1 Boxed LaTeX2e minipages
\bmp@box=\box66
\bmp@width=\skip259
\bmp@height=\skip260
)
(C:\Users\dibis\AppData\Local\Programs\MiKTeX\tex/generic/iftex\ifpdf.sty
Package: ifpdf 2019/10/25 v3.4 ifpdf legacy package. Use iftex instead.
)
(C:\Users\dibis\AppData\Local\Programs\MiKTeX\tex/latex/lm\lmodern.sty
Package: lmodern 2015/05/01 v1.6.1 Latin Modern Fonts
LaTeX Font Info:    Overwriting symbol font `operators' in version `normal'
(Font)                  OT1/cmr/m/n --> OT1/lmr/m/n on input line 22.
LaTeX Font Info:    Overwriting symbol font `letters' in version `normal'
(Font)                  OML/cmm/m/it --> OML/lmm/m/it on input line 23.
LaTeX Font Info:    Overwriting symbol font `symbols' in version `normal'
(Font)                  OMS/cmsy/m/n --> OMS/lmsy/m/n on input line 24.
LaTeX Font Info:    Overwriting symbol font `largesymbols' in version `normal'
(Font)                  OMX/cmex/m/n --> OMX/lmex/m/n on input line 25.
LaTeX Font Info:    Overwriting symbol font `operators' in version `bold'
(Font)                  OT1/cmr/bx/n --> OT1/lmr/bx/n on input line 26.
LaTeX Font Info:    Overwriting symbol font `letters' in version `bold'
(Font)                  OML/cmm/b/it --> OML/lmm/b/it on input line 27.
LaTeX Font Info:    Overwriting symbol font `symbols' in version `bold'
(Font)                  OMS/cmsy/b/n --> OMS/lmsy/b/n on input line 28.
LaTeX Font Info:    Overwriting symbol font `largesymbols' in version `bold'
(Font)                  OMX/cmex/m/n --> OMX/lmex/m/n on input line 29.
LaTeX Font Info:    Overwriting math alphabet `\mathbf' in version `normal'
(Font)                  OT1/cmr/bx/n --> OT1/lmr/bx/n on input line 31.
LaTeX Font Info:    Overwriting math alphabet `\mathsf' in version `normal'
(Font)                  OT1/cmss/m/n --> OT1/lmss/m/n on input line 32.
LaTeX Font Info:    Overwriting math alphabet `\mathit' in version `normal'
(Font)                  OT1/cmr/m/it --> OT1/lmr/m/it on input line 33.
LaTeX Font Info:    Overwriting math alphabet `\mathtt' in version `normal'
(Font)                  OT1/cmtt/m/n --> OT1/lmtt/m/n on input line 34.
LaTeX Font Info:    Overwriting math alphabet `\mathbf' in version `bold'
(Font)                  OT1/cmr/bx/n --> OT1/lmr/bx/n on input line 35.
LaTeX Font Info:    Overwriting math alphabet `\mathsf' in version `bold'
(Font)                  OT1/cmss/bx/n --> OT1/lmss/bx/n on input line 36.
LaTeX Font Info:    Overwriting math alphabet `\mathit' in version `bold'
(Font)                  OT1/cmr/bx/it --> OT1/lmr/bx/it on input line 37.
LaTeX Font Info:    Overwriting math alphabet `\mathtt' in version `bold'
(Font)                  OT1/cmtt/m/n --> OT1/lmtt/m/n on input line 38.
)
(C:\Users\dibis\AppData\Local\Programs\MiKTeX\tex/latex/base\fontenc.sty
Package: fontenc 2025/07/18 v2.1d Standard LaTeX package

(C:\Users\dibis\AppData\Local\Programs\MiKTeX\tex/latex/ly1\ly1enc.def
File: ly1enc.def 2022/06/11 v0.8 TeX 'n ANSI encoding (DPC/KB)
Now handling font encoding LY1 ...
... processing UTF-8 mapping file for font encoding LY1

(C:\Users\dibis\AppData\Local\Programs\MiKTeX\tex/latex/base\ly1enc.dfu
File: ly1enc.dfu 2022/06/07 v1.3c UTF-8 support
   defining Unicode char U+00A0 (decimal 160)
   defining Unicode char U+00A1 (decimal 161)
   defining Unicode char U+00A2 (decimal 162)
   defining Unicode char U+00A3 (decimal 163)
   defining Unicode char U+00A4 (decimal 164)
   defining Unicode char U+00A5 (decimal 165)
   defining Unicode char U+00A6 (decimal 166)
   defining Unicode char U+00A7 (decimal 167)
   defining Unicode char U+00AA (decimal 170)
   defining Unicode char U+00AB (decimal 171)
   defining Unicode char U+00AD (decimal 173)
   defining Unicode char U+00AE (decimal 174)
   defining Unicode char U+00B0 (decimal 176)
   defining Unicode char U+00B5 (decimal 181)
   defining Unicode char U+00B6 (decimal 182)
   defining Unicode char U+00B7 (decimal 183)
   defining Unicode char U+00BA (decimal 186)
   defining Unicode char U+00BB (decimal 187)
   defining Unicode char U+00BC (decimal 188)
   defining Unicode char U+00BD (decimal 189)
   defining Unicode char U+00BE (decimal 190)
   defining Unicode char U+00BF (decimal 191)
   defining Unicode char U+00C0 (decimal 192)
   defining Unicode char U+00C1 (decimal 193)
   defining Unicode char U+00C2 (decimal 194)
   defining Unicode char U+00C3 (decimal 195)
   defining Unicode char U+00C4 (decimal 196)
   defining Unicode char U+00C5 (decimal 197)
   defining Unicode char U+00C6 (decimal 198)
   defining Unicode char U+00C7 (decimal 199)
   defining Unicode char U+00C8 (decimal 200)
   defining Unicode char U+00C9 (decimal 201)
   defining Unicode char U+00CA (decimal 202)
   defining Unicode char U+00CB (decimal 203)
   defining Unicode char U+00CC (decimal 204)
   defining Unicode char U+00CD (decimal 205)
   defining Unicode char U+00CE (decimal 206)
   defining Unicode char U+00CF (decimal 207)
   defining Unicode char U+00D0 (decimal 208)
   defining Unicode char U+00D1 (decimal 209)
   defining Unicode char U+00D2 (decimal 210)
   defining Unicode char U+00D3 (decimal 211)
   defining Unicode char U+00D4 (decimal 212)
   defining Unicode char U+00D5 (decimal 213)
   defining Unicode char U+00D6 (decimal 214)
   defining Unicode char U+00D8 (decimal 216)
   defining Unicode char U+00D9 (decimal 217)
   defining Unicode char U+00DA (decimal 218)
   defining Unicode char U+00DB (decimal 219)
   defining Unicode char U+00DC (decimal 220)
   defining Unicode char U+00DD (decimal 221)
   defining Unicode char U+00DE (decimal 222)
   defining Unicode char U+00DF (decimal 223)
   defining Unicode char U+00E0 (decimal 224)
   defining Unicode char U+00E1 (decimal 225)
   defining Unicode char U+00E2 (decimal 226)
   defining Unicode char U+00E3 (decimal 227)
   defining Unicode char U+00E4 (decimal 228)
   defining Unicode char U+00E5 (decimal 229)
   defining Unicode char U+00E6 (decimal 230)
   defining Unicode char U+00E7 (decimal 231)
   defining Unicode char U+00E8 (decimal 232)
   defining Unicode char U+00E9 (decimal 233)
   defining Unicode char U+00EA (decimal 234)
   defining Unicode char U+00EB (decimal 235)
   defining Unicode char U+00EC (decimal 236)
   defining Unicode char U+00ED (decimal 237)
   defining Unicode char U+00EE (decimal 238)
   defining Unicode char U+00EF (decimal 239)
   defining Unicode char U+00F0 (decimal 240)
   defining Unicode char U+00F1 (decimal 241)
   defining Unicode char U+00F2 (decimal 242)
   defining Unicode char U+00F3 (decimal 243)
   defining Unicode char U+00F4 (decimal 244)
   defining Unicode char U+00F5 (decimal 245)
   defining Unicode char U+00F6 (decimal 246)
   defining Unicode char U+00F8 (decimal 248)
   defining Unicode char U+00F9 (decimal 249)
   defining Unicode char U+00FA (decimal 250)
   defining Unicode char U+00FB (decimal 251)
   defining Unicode char U+00FC (decimal 252)
   defining Unicode char U+00FD (decimal 253)
   defining Unicode char U+00FE (decimal 254)
   defining Unicode char U+00FF (decimal 255)
   defining Unicode char U+0131 (decimal 305)
   defining Unicode char U+0141 (decimal 321)
   defining Unicode char U+0142 (decimal 322)
   defining Unicode char U+0152 (decimal 338)
   defining Unicode char U+0153 (decimal 339)
   defining Unicode char U+0160 (decimal 352)
   defining Unicode char U+0161 (decimal 353)
   defining Unicode char U+0174 (decimal 372)
   defining Unicode char U+0175 (decimal 373)
   defining Unicode char U+0176 (decimal 374)
   defining Unicode char U+0177 (decimal 375)
   defining Unicode char U+0178 (decimal 376)
   defining Unicode char U+017D (decimal 381)
   defining Unicode char U+017E (decimal 382)
   defining Unicode char U+0192 (decimal 402)
   defining Unicode char U+0218 (decimal 536)
   defining Unicode char U+0219 (decimal 537)
   defining Unicode char U+021A (decimal 538)
   defining Unicode char U+021B (decimal 539)
   defining Unicode char U+0237 (decimal 567)
   defining Unicode char U+02C6 (decimal 710)
   defining Unicode char U+02DC (decimal 732)
   defining Unicode char U+2013 (decimal 8211)
   defining Unicode char U+2014 (decimal 8212)
   defining Unicode char U+201C (decimal 8220)
   defining Unicode char U+201D (decimal 8221)
   defining Unicode char U+2020 (decimal 8224)
   defining Unicode char U+2021 (decimal 8225)
   defining Unicode char U+2022 (decimal 8226)
   defining Unicode char U+2026 (decimal 8230)
   defining Unicode char U+2030 (decimal 8240)
   defining Unicode char U+2039 (decimal 8249)
   defining Unicode char U+203A (decimal 8250)
   defining Unicode char U+2122 (decimal 8482)
   defining Unicode char U+FB00 (decimal 64256)
   defining Unicode char U+FB01 (decimal 64257)
   defining Unicode char U+FB02 (decimal 64258)
   defining Unicode char U+FB03 (decimal 64259)
   defining Unicode char U+FB04 (decimal 64260)
   defining Unicode char U+FB05 (decimal 64261)
   defining Unicode char U+FB06 (decimal 64262)
))
LaTeX Font Info:    Trying to load font information for LY1+lmr on input line 1
16.

(C:\Users\dibis\AppData\Local\Programs\MiKTeX\tex/latex/lm\ly1lmr.fd
File: ly1lmr.fd 2015/05/01 v1.6.1 Font defs for Latin Modern
))
(C:\Users\dibis\AppData\Local\Programs\MiKTeX\tex/latex/tex-gyre\tgpagella.sty
Package: tgpagella 2009/09/27 v1.2 TeX Gyre Pagella as default roman family
) (C:\Users\dibis\AppData\Local\Programs\MiKTeX\tex/latex/eulervm\eulervm.sty
Package: eulervm 2005/01/11 v4.0 (WaS)
)
(C:\Users\dibis\AppData\Local\Programs\MiKTeX\tex/latex/graphics\graphicx.sty
Package: graphicx 2024/12/31 v1.2e Enhanced LaTeX Graphics (DPC,SPQR)

(C:\Users\dibis\AppData\Local\Programs\MiKTeX\tex/latex/graphics\graphics.sty
Package: graphics 2024/08/06 v1.4g Standard LaTeX Graphics (DPC,SPQR)

(C:\Users\dibis\AppData\Local\Programs\MiKTeX\tex/latex/graphics\trig.sty
Package: trig 2023/12/02 v1.11 sin cos tan (DPC)
)
(C:\Users\dibis\AppData\Local\Programs\MiKTeX\tex/latex/graphics-cfg\graphics.c
fg
File: graphics.cfg 2016/06/04 v1.11 sample graphics configuration
)
Package graphics Info: Driver file: pdftex.def on input line 106.

(C:\Users\dibis\AppData\Local\Programs\MiKTeX\tex/latex/graphics-def\pdftex.def
File: pdftex.def 2025/09/29 v1.2d Graphics/color driver for pdftex
))
\Gin@req@height=\dimen268
\Gin@req@width=\dimen269
)
\dissertation@idxfile=\write4
\openout4 = `dissertation.idx'.


Writing index file dissertation.idx 
\c@thm=\count375
) (includes/defs.tex
(C:\Users\dibis\AppData\Local\Programs\MiKTeX\tex/latex/svn-multi\svn-multi.sty
Package: svn-multi 2011/08/30 v2.4d SVN Keywords for multi-file LaTeX documents

)) (includes/thesisdefs.tex
\c@tocpage=\count376
\c@lofpage=\count377
\c@lotpage=\count378
\c@listofheading=\count379
\@testday=\count380
\c@theorem=\count381
)
LaTeX Font Info:    Trying to load font information for LY1+qpl on input line 3
5.

(C:\Users\dibis\AppData\Local\Programs\MiKTeX\tex/latex/tex-gyre\ly1qpl.fd
File: ly1qpl.fd 2009/09/25 v1.2 font definition file for LY1/qpl
)
(dissertation.aux (frontmatter/frontmatter.aux) (chapters/chapter1.aux)
(chapters/chapter2.aux) (chapters/chapter3.aux))
\openout1 = `dissertation.aux'.

LaTeX Font Info:    Checking defaults for OML/cmm/m/it on input line 35.
LaTeX Font Info:    ... okay on input line 35.
LaTeX Font Info:    Checking defaults for OMS/cmsy/m/n on input line 35.
LaTeX Font Info:    ... okay on input line 35.
LaTeX Font Info:    Checking defaults for OT1/cmr/m/n on input line 35.
LaTeX Font Info:    ... okay on input line 35.
LaTeX Font Info:    Checking defaults for T1/cmr/m/n on input line 35.
LaTeX Font Info:    ... okay on input line 35.
LaTeX Font Info:    Checking defaults for TS1/cmr/m/n on input line 35.
LaTeX Font Info:    ... okay on input line 35.
LaTeX Font Info:    Checking defaults for OMX/cmex/m/n on input line 35.
LaTeX Font Info:    ... okay on input line 35.
LaTeX Font Info:    Checking defaults for U/cmr/m/n on input line 35.
LaTeX Font Info:    ... okay on input line 35.
LaTeX Font Info:    Checking defaults for PD1/pdf/m/n on input line 35.
LaTeX Font Info:    ... okay on input line 35.
LaTeX Font Info:    Checking defaults for PU/pdf/m/n on input line 35.
LaTeX Font Info:    ... okay on input line 35.
LaTeX Font Info:    Checking defaults for LY1/ptm/m/n on input line 35.
LaTeX Font Info:    Trying to load font information for LY1+ptm on input line 3
5.

(C:\Users\dibis\AppData\Local\Programs\MiKTeX\tex/latex/ly1\ly1ptm.fd
File: ly1ptm.fd 2001/02/01 font definitions for LY1/ptm using Berry names.
)
LaTeX Font Info:    ... okay on input line 35.


Class memoir Warning: \addtodef is marked deprecated and will be
(memoir)              removed in 2026, use instead \patchcmd,
(memoir)              \pretocmd or \apptocmd from the etoolbox package
(memoir)              (which is autoloaded by the class) on input line 35.

Package hyperref Info: Link coloring OFF on input line 35.
(dissertation.out) (dissertation.out)
\@outlinefile=\write5
\openout5 = `dissertation.out'.

\c@lstlisting=\count382
LaTeX Info: Redefining \microtypecontext on input line 35.
Package microtype Info: Applying patch `item' on input line 35.
Package microtype Info: Applying patch `toc' on input line 35.
Package microtype Info: Applying patch `eqnum' on input line 35.
Package microtype Info: Applying patch `footnote' on input line 35.
Package microtype Info: Applying patch `verbatim' on input line 35.
LaTeX Info: Redefining \microtypesetup on input line 35.
Package microtype Info: Generating PDF output.
Package microtype Info: Character protrusion enabled (level 2).
Package microtype Info: Using default protrusion set `alltext'.
Package microtype Info: Automatic font expansion enabled (level 2),
(microtype)             stretch: 20, shrink: 20, step: 1, non-selected.
Package microtype Info: Using default expansion set `alltext-nott'.
Package microtype Info: Patching command `\showhyphens'.
Package microtype Info: No adjustment of tracking.
Package microtype Info: No adjustment of interword spacing.
Package microtype Info: No adjustment of character kerning.

(C:\Users\dibis\AppData\Local\Programs\MiKTeX\tex/latex/microtype\mt-ppl.cfg
File: mt-ppl.cfg 2005/11/16 v1.6 microtype config. file: Palatino (RS)
)
(C:\Users\dibis\AppData\Local\Programs\MiKTeX\tex/context/base/mkii\supp-pdf.mk
ii
[Loading MPS to PDF converter (version 2006.09.02).]
\scratchcounter=\count383
\scratchdimen=\dimen270
\scratchbox=\box67
\nofMPsegments=\count384
\nofMParguments=\count385
\everyMPshowfont=\toks44
\MPscratchCnt=\count386
\MPscratchDim=\dimen271
\MPnumerator=\count387
\makeMPintoPDFobject=\count388
\everyMPtoPDFconversion=\toks45
)
(C:\Users\dibis\AppData\Local\Programs\MiKTeX\tex/latex/epstopdf-pkg\epstopdf-b
ase.sty
Package: epstopdf-base 2020-01-24 v2.11 Base part for package epstopdf

(C:\Users\dibis\AppData\Local\Programs\MiKTeX\tex/latex/grfext\grfext.sty
Package: grfext 2019/12/03 v1.3 Manage graphics extensions (HO)
)
Package epstopdf-base Info: Redefining graphics rule for `.eps' on input line 4
85.
Package grfext Info: Graphics extension search list:
(grfext)             [.pdf,.png,.jpg,.mps,.jpeg,.jbig2,.jb2,.PDF,.PNG,.JPG,.JPE
G,.JBIG2,.JB2,.eps]
(grfext)             \AppendGraphicsExtensions on input line 504.

(C:\Users\dibis\AppData\Local\Programs\MiKTeX\tex/latex/00miktex\epstopdf-sys.c
fg
File: epstopdf-sys.cfg 2021/03/18 v2.0 Configuration of epstopdf for MiKTeX
))
Underfull \hbox (badness 10000) in paragraph at lines 47--47

 []

[1


{C:/Users/dibis/AppData/Local/MiKTeX/fonts/map/pdftex/pdftex.map}{C:/Users/dibi
s/AppData/Local/Programs/MiKTeX/fonts/enc/dvips/tex-gyre/q-texnansi.enc}]
\openout2 = `frontmatter/frontmatter.aux'.


(frontmatter/frontmatter.tex [0


]

LaTeX Font Warning: Font shape `LY1/qpl/m/sl' in size <12> not available
(Font)              Font shape `LY1/qpl/m/it' tried instead on input line 13.


pdfTeX warning (ext4): destination with the same identifier (name{page.i}) has 
been already used, duplicate ignored
<to be read again> 
                   \relax 
l.13 \end{dedication}
                      [1] (frontmatter/acks.tex
LaTeX Font Info:    Trying to load font information for LY1+lmtt on input line 
7.

(C:\Users\dibis\AppData\Local\Programs\MiKTeX\tex/latex/lm\ly1lmtt.fd
File: ly1lmtt.fd 2015/05/01 v1.6.1 Font defs for Latin Modern
)
Package microtype Info: Loading generic protrusion settings for font family
(microtype)             `lmtt' (encoding: LY1).
(microtype)             For optimal results, create family-specific settings.
(microtype)             See the microtype manual for details.
)
[2

{C:/Users/dibis/AppData/Local/Programs/MiKTeX/fonts/enc/dvips/tex-gyre/q-texnan
si-sc.enc}{C:/Users/dibis/AppData/Local/Programs/MiKTeX/fonts/enc/dvips/lm/lm-t
exnansi.enc}] (dissertation.toc [3

]) [4] (dissertation.lot) [5


]
(dissertation.lof) [6


] (frontmatter/acronyms.tex

LaTeX Warning: Hyper reference `acro:PLA' on page vii undefined on input line 1
4.


LaTeX Warning: Hyper reference `acro:PLA' on page vii undefined on input line 1
4.


LaTeX Warning: Hyper reference `acro:PHA' on page vii undefined on input line 1
5.


LaTeX Warning: Hyper reference `acro:PHA' on page vii undefined on input line 1
5.

[7


]

LaTeX Warning: Hyper reference `acro:LA' on page viii undefined on input line 3
7.


LaTeX Warning: Hyper reference `acro:LA' on page viii undefined on input line 3
7.

[8] [9]

LaTeX Warning: Hyper reference `acro:GPC' on page x undefined on input line 102
.


LaTeX Warning: Hyper reference `acro:GPC' on page x undefined on input line 102
.


LaTeX Warning: Hyper reference `acro:TEM' on page x undefined on input line 104
.


LaTeX Warning: Hyper reference `acro:TEM' on page x undefined on input line 104
.


LaTeX Warning: Hyper reference `acro:ISO' on page x undefined on input line 108
.


LaTeX Warning: Hyper reference `acro:ISO' on page x undefined on input line 108
.


LaTeX Warning: Hyper reference `acro:CFD' on page x undefined on input line 113
.


LaTeX Warning: Hyper reference `acro:CFD' on page x undefined on input line 113
.

[10]) [11]
pdfTeX warning (ext4): destination with the same identifier (name{page.xi}) has
 been already used, duplicate ignored
<to be read again> 
                   \relax 
l.82 \begin{listofsymbols}
                           [11

] (frontmatter/nomenclature.tex
LaTeX Font Info:    Trying to load font information for U+zeur on input line 7.


(C:\Users\dibis\AppData\Local\Programs\MiKTeX\tex/latex/eulervm\uzeur.fd
File: uzeur.fd 2005/01/11 v4.0 (WaS)
)
(C:\Users\dibis\AppData\Local\Programs\MiKTeX\tex/latex/microtype\mt-eur.cfg
File: mt-eur.cfg 2006/07/31 v1.1 microtype config. file: AMS Euler Roman (RS)
)
LaTeX Font Info:    Trying to load font information for U+zeus on input line 7.


(C:\Users\dibis\AppData\Local\Programs\MiKTeX\tex/latex/eulervm\uzeus.fd
File: uzeus.fd 2005/01/11 v4.0 (WaS)
)
(C:\Users\dibis\AppData\Local\Programs\MiKTeX\tex/latex/microtype\mt-eus.cfg
File: mt-eus.cfg 2006/07/28 v1.2 microtype config. file: AMS Euler Script (RS)
)
LaTeX Font Info:    Trying to load font information for U+zeuex on input line 7
.

(C:\Users\dibis\AppData\Local\Programs\MiKTeX\tex/latex/eulervm\uzeuex.fd
File: uzeuex.fd 2005/01/11 v4.0 (WaS)
)
(C:\Users\dibis\AppData\Local\Programs\MiKTeX\tex/latex/microtype\mt-msa.cfg
File: mt-msa.cfg 2006/02/04 v1.1 microtype config. file: AMS symbols (a) (RS)
)
(C:\Users\dibis\AppData\Local\Programs\MiKTeX\tex/latex/microtype\mt-msb.cfg
File: mt-msb.cfg 2005/06/01 v1.0 microtype config. file: AMS symbols (b) (RS)
)
Overfull \hbox (51.97955pt too wide) in paragraph at lines 7--53
[] 
 []

[12

] [13]
Overfull \vbox (239.83995pt too high) has occurred while \output is active []


[14]
Overfull \hbox (102.16757pt too wide) in paragraph at lines 57--120
[] 
 []


Overfull \vbox (586.33093pt too high) has occurred while \output is active []


[15]
Overfull \hbox (21.94759pt too wide) in paragraph at lines 124--140
[] 
 []


Overfull \hbox (25.10507pt too wide) in paragraph at lines 144--163
[] 
 []

[16]
Overfull \hbox (48.89958pt too wide) in paragraph at lines 167--178
[] 
 []

)
Overfull \hbox (59.72356pt too wide) in paragraph at lines 182--84
[]
 []


Underfull \hbox (badness 10000) in paragraph at lines 182--84

 []

[17] [18] (frontmatter/abstract.tex) [19

])
\openout2 = `chapters/chapter1.aux'.

 (chapters/chapter1.tex
Chapter 1.
[1





]
Package acronym Info: Label `acro:NRL' newly defined as it shall be overridden
although it is yet undefined on input line 36.
 [2] [3] [4] [5] [6] [7] [8]
Package acronym Info: Label `acro:AM' newly defined as it shall be overridden
although it is yet undefined on input line 140.
 [9] [10] [11] [12]) [13]
\openout2 = `chapters/chapter2.aux'.

 (chapters/chapter2.tex
Chapter 2.
Package acronym Info: Label `acro:TPE' newly defined as it shall be overridden
although it is yet undefined on input line 32.
Package acronym Info: Label `acro:SBR' newly defined as it shall be overridden
although it is yet undefined on input line 34.

Overfull \hbox (2.0257pt too wide) in paragraph at lines 32--35
\LY1/qpl/m/n/12 (-20) chem-i-cally cross-linked (ther-moset elas-tomers) and ph
ys-i-cally cross-linked
 []


Overfull \hbox (5.7432pt too wide) in paragraph at lines 32--35
\LY1/qpl/m/n/12 (-20) tough-ness, and strain stress source flex-i-bil-ity, demo
n-strat-ing hyper-elasticity
 []


Overfull \hbox (6.65102pt too wide) in paragraph at lines 32--35
\LY1/qpl/m/n/12 (-20) bers like [][][]Styrene-Butadiene Rub-ber ([])[], ni-tril
e rub-ber, and polyurethanes. 
 []

[14




] [15]
Package acronym Info: Label `acro:IPP' newly defined as it shall be overridden
although it is yet undefined on input line 64.
Package acronym Info: Label `acro:DMAPP' newly defined as it shall be overridde
n
although it is yet undefined on input line 64.
Package acronym Info: Label `acro:MVA' newly defined as it shall be overridden
although it is yet undefined on input line 64.
Package acronym Info: Label `acro:MEP' newly defined as it shall be overridden
although it is yet undefined on input line 64.
Package acronym Info: Label `acro:tPT' newly defined as it shall be overridden
although it is yet undefined on input line 65.
Package acronym Info: Label `acro:cPT' newly defined as it shall be overridden
although it is yet undefined on input line 66.
Package acronym Info: Label `acro:NR' newly defined as it shall be overridden
although it is yet undefined on input line 66.

Overfull \hbox (36.05504pt too wide) in paragraph at lines 63--69
\LY1/qpl/m/n/12 (-20) poly-mer-ized in four phases, with \LY1/qpl/m/it/12 (-20)
 trans\LY1/qpl/m/n/12 (-20) -prenyltransferases ([][][]\LY1/qpl/m/it/12 (-20) t
rans\LY1/qpl/m/n/12 (-20) -Prenyltransferase
 []

[16]
Package acronym Info: Label `acro:RP' newly defined as it shall be overridden
although it is yet undefined on input line 70.
Package acronym Info: Label `acro:OSHA' newly defined as it shall be overridden

although it is yet undefined on input line 78.
Package acronym Info: Label `acro:HTT' newly defined as it shall be overridden
although it is yet undefined on input line 88.
Package acronym Info: Label `acro:ETA' newly defined as it shall be overridden
although it is yet undefined on input line 92.

Overfull \hbox (0.72525pt too wide) in paragraph at lines 87--94
\LY1/qpl/m/n/12 (-20) Triazine Deriva-tive (Hexahydro-1,3,5-tris(hydroxyethyl)-
s-triazine) ([])[]
 []

[17]
Package acronym Info: Label `acro:HA' newly defined as it shall be overridden
although it is yet undefined on input line 101.
 [18]
Package acronym Info: Label `acro:DPNR' newly defined as it shall be overridden

although it is yet undefined on input line 109.
Package acronym Info: Label `acro:FTIR' newly defined as it shall be overridden

although it is yet undefined on input line 109.
Package acronym Info: Label `acro:NMR' newly defined as it shall be overridden
although it is yet undefined on input line 109.
 [19]
Package acronym Info: Label `acro:LRP' newly defined as it shall be overridden
although it is yet undefined on input line 131.
 [20]
Package acronym Info: Label `acro:DRC' newly defined as it shall be overridden
although it is yet undefined on input line 135.
Package acronym Info: Label `acro:CL' newly defined as it shall be overridden
although it is yet undefined on input line 136.
Package acronym Info: Label `acro:HAL' newly defined as it shall be overridden
although it is yet undefined on input line 136.
Package acronym Info: Label `acro:FL' newly defined as it shall be overridden
although it is yet undefined on input line 136.
Package acronym Info: Label `acro:SRP' newly defined as it shall be overridden
although it is yet undefined on input line 137.
 [21]
Package acronym Info: Label `acro:SIC' newly defined as it shall be overridden
although it is yet undefined on input line 145.
Package acronym Info: Label `acro:NRC' newly defined as it shall be overridden
although it is yet undefined on input line 151.
 [22] [23]
Package acronym Info: Label `acro:DLVO' newly defined as it shall be overridden

although it is yet undefined on input line 195.
 [24] [25] [26] [27] [28]
Package acronym Info: Label `acro:CCC' newly defined as it shall be overridden
although it is yet undefined on input line 313.
Package acronym Info: Label `acro:PSA' newly defined as it shall be overridden
although it is yet undefined on input line 316.
 [29] [30] [31]
[32] [33] [34] [35]
Package acronym Info: Label `acro:LOM' newly defined as it shall be overridden
although it is yet undefined on input line 470.
Package acronym Info: Label `acro:SLS' newly defined as it shall be overridden
although it is yet undefined on input line 470.
Package acronym Info: Label `acro:FDM' newly defined as it shall be overridden
although it is yet undefined on input line 470.
Package acronym Info: Label `acro:VPP' newly defined as it shall be overridden
although it is yet undefined on input line 473.
Package acronym Info: Label `acro:FFF' newly defined as it shall be overridden
although it is yet undefined on input line 480.
Package acronym Info: Label `acro:DIW' newly defined as it shall be overridden
although it is yet undefined on input line 482.
 [36]
Package acronym Info: Label `acro:SLA' newly defined as it shall be overridden
although it is yet undefined on input line 489.
Package acronym Info: Label `acro:DLP' newly defined as it shall be overridden
although it is yet undefined on input line 489.

Overfull \hbox (11.19987pt too wide) in paragraph at lines 497--498
\LY1/qpl/m/n/12 (-20) Most [][] pho-toresins can be clas-si-fied into five in-g
re-di-ent classes: oligomers,
 []

[37]
Package acronym Info: Label `acro:UV' newly defined as it shall be overridden
although it is yet undefined on input line 511.

Overfull \hbox (8.9836pt too wide) in paragraph at lines 519--528
\LY1/qpl/m/n/12 (-20) chem-istry. These ma-te-ri-als are used in biomed-i-cal d
e-vices like self-deploying
 []

[38]
Package acronym Info: Label `acro:GelMA' newly defined as it shall be overridde
n
although it is yet undefined on input line 536.
Package acronym Info: Label `acro:GelNB' newly defined as it shall be overridde
n
although it is yet undefined on input line 536.
 [39]
Package acronym Info: Label `acro:IPN' newly defined as it shall be overridden
although it is yet undefined on input line 541.
 [40]
Package acronym Info: Label `acro:FPP' newly defined as it shall be overridden
although it is yet undefined on input line 565.
 [41]
Package acronym Info: Label `acro:NIR' newly defined as it shall be overridden
although it is yet undefined on input line 573.
Package acronym Info: Label `acro:CLIP' newly defined as it shall be overridden

although it is yet undefined on input line 584.

Overfull \hbox (14.18524pt too wide) in paragraph at lines 567--585
[]\LY1/qpl/b/n/12 (-20) Cure ki-net-ics \LY1/qpl/m/n/12 (-20) de-pend on ini-ti
a-tor ef-fi-ciency, in-hibitor lev-els, and monomer
 []

[42] [43] [44]
Package acronym Info: Label `acro:PU' newly defined as it shall be overridden
although it is yet undefined on input line 616.
Package acronym Info: Label `acro:TPU' newly defined as it shall be overridden
although it is yet undefined on input line 622.
 [45]
Package acronym Info: Label `acro:RTV' newly defined as it shall be overridden
although it is yet undefined on input line 633.
Package acronym Info: Label `acro:HTV' newly defined as it shall be overridden
although it is yet undefined on input line 633.
 [46]
Overfull \hbox (28.70213pt too wide) in paragraph at lines 635--639
\LY1/qpl/m/n/12 (-20) duced through groups such as (meth)acryloyl, thiol--ene p
airs, or epoxy/oxetane
 []


Overfull \hbox (11.40804pt too wide) in paragraph at lines 635--639
\LY1/qpl/m/n/12 (-20) ene step-growth path-ways, or cationic poly-mer-iza-tion,
 re-spec-tively . Cationic
 []

[47]
Package acronym Info: Label `acro:O/W' newly defined as it shall be overridden
although it is yet undefined on input line 654.
Package acronym Info: Label `acro:W/O' newly defined as it shall be overridden
although it is yet undefined on input line 659.
Package acronym Info: Label `acro:HIPE' newly defined as it shall be overridden

although it is yet undefined on input line 660.
Package acronym Info: Label `acro:EPDM' newly defined as it shall be overridden

although it is yet undefined on input line 669.
Package acronym Info: Label `acro:SIS' newly defined as it shall be overridden
although it is yet undefined on input line 669.
Package acronym Info: Label `acro:WPU' newly defined as it shall be overridden
although it is yet undefined on input line 669.

Overfull \hbox (4.43849pt too wide) in paragraph at lines 668--671
\LY1/qpl/m/n/12 (-20) lene Di-ene Monomer ([])[], [][][]Styrene-Isoprene-Styren
e ([])[], [][][]Waterborne
 []

[48]
Package acronym Info: Label `acro:PCL' newly defined as it shall be overridden
although it is yet undefined on input line 677.
Package acronym Info: Label `acro:VOC' newly defined as it shall be overridden
although it is yet undefined on input line 679.
 [49]
Package acronym Info: Label `acro:sIPN' newly defined as it shall be overridden

although it is yet undefined on input line 686.
 [50]) [51]
\openout2 = `chapters/chapter3.aux'.

 (chapters/chapter3.tex
Chapter 3.
[52




] [53]
Package acronym Info: Label `acro:MST' newly defined as it shall be overridden
although it is yet undefined on input line 57.
Package acronym Info: Label `acro:VFA' newly defined as it shall be overridden
although it is yet undefined on input line 57.
Package acronym Info: Label `acro:TSC' newly defined as it shall be overridden
although it is yet undefined on input line 57.
Package acronym Info: Label `acro:CoA' newly defined as it shall be overridden
although it is yet undefined on input line 58.
 [54]
Package acronym Info: Label `acro:DLS' newly defined as it shall be overridden
although it is yet undefined on input line 73.
Package acronym Info: Label `acro:PDI' newly defined as it shall be overridden
although it is yet undefined on input line 73.

Overfull \hbox (6.68869pt too wide) in paragraph at lines 73--75
[]\LY1/qpl/m/n/12 (-20) Particle-level sta-bil-ity was checked by [][][]Dynamic
 Light Scat-ter-ing ([])[]/$\U/zeur/m/n/12 ^^P$
 []

Package acronym Info: Label `acro:TMS' newly defined as it shall be overridden
although it is yet undefined on input line 80.

Overfull \hbox (5.13492pt too wide) in paragraph at lines 80--83
\LY1/qpl/m/n/12 (-20) Deuterium ox-ide (D$[]$O, CAS: 7789-20-0) and deuter-ated
 chlo-ro-form (CDCl$[]$,
 []


Overfull \hbox (1.66652pt too wide) in paragraph at lines 80--83
\LY1/qpl/m/n/12 (-20) CAS: 865-49-6, 99.8 atom% deuter-a-tion, con-tain-ing 0.0
3% [][][]Tetramethylsilane
 []

[55] [56]
Overfull \hbox (7.48965pt too wide) in paragraph at lines 123--125
\LY1/qpl/m/n/12 (-20) and the par-ti-cle phase is al-lowed to re-dis-tribute vi
a a concentration-transport
 []

[57]
Overfull \hbox (24.17848pt too wide) in paragraph at lines 130--131
\LY1/qpl/m/n/12 (-20) To in-ter-pret viscosity--shear rate data across vol-ume 
frac-tion $\U/zeur/m/n/12 ^^^$\LY1/qpl/m/n/12 (-20) , a microstructure-
 []

[58] [59] [60] [61] [62]
Package acronym Info: Label `acro:HSQC' newly defined as it shall be overridden

although it is yet undefined on input line 233.

Overfull \hbox (20.51987pt too wide) in paragraph at lines 233--234
[]$[]$\LY1/qpl/m/n/12 (-20) H--$[]$C [][][]Heteronuclear Sin-gle Quan-tum Co-he
r-ence ([])[] (multiplicity-
 []

Package acronym Info: Label `acro:HMBC' newly defined as it shall be overridden

although it is yet undefined on input line 234.
Package acronym Info: Label `acro:COSY' newly defined as it shall be overridden

although it is yet undefined on input line 235.
Package acronym Info: Label `acro:DOSY' newly defined as it shall be overridden

although it is yet undefined on input line 252.
[63]
Package acronym Info: Label `acro:CPMG' newly defined as it shall be overridden

although it is yet undefined on input line 282.
 [64]
Package acronym Info: Label `acro:SDS' newly defined as it shall be overridden
although it is yet undefined on input line 318.
Package acronym Info: Label `acro:HDDA' newly defined as it shall be overridden

although it is yet undefined on input line 319.
Package acronym Info: Label `acro:TPO' newly defined as it shall be overridden
although it is yet undefined on input line 320.
 [65]
Package acronym Info: Label `acro:TMPTA' newly defined as it shall be overridde
n
although it is yet undefined on input line 329.
Package acronym Info: Label `acro:HLB' newly defined as it shall be overridden
although it is yet undefined on input line 329.
 [66]
Package acronym Info: Label `acro:DEPR' newly defined as it shall be overridden

although it is yet undefined on input line 342.
Package acronym Info: Label `acro:PRE' newly defined as it shall be overridden
although it is yet undefined on input line 342.
Package acronym Info: Label `acro:DOE' newly defined as it shall be overridden
although it is yet undefined on input line 344.
Package acronym Info: Label `acro:ASTM' newly defined as it shall be overridden

although it is yet undefined on input line 357.
 [67]
Package acronym Info: Label `acro:JMRE' newly defined as it shall be overridden

although it is yet undefined on input line 375.
 [68] [69] [70] [71] [72]
Package acronym Info: Label `acro:LVR' newly defined as it shall be overridden
although it is yet undefined on input line 481.
Package acronym Info: Label `acro:SEM' newly defined as it shall be overridden
although it is yet undefined on input line 488.
 [73] [74] [75] [76] [77]
Package acronym Info: Label `acro:THF' newly defined as it shall be overridden
although it is yet undefined on input line 613.
)
[78] [79]
pdfTeX warning (ext4): destination with the same identifier (name{page.79}) has
 been already used, duplicate ignored
<to be read again> 
                   \relax 
l.69 \begin{colophon}
                      [79


] (backmatter/colophon.tex) [80

] (dissertation.bbl
bibitemlist

LaTeX Warning: Empty `thebibliography' environment on input line 15.

) [81

]
\tf@toc=\write6
\openout6 = `dissertation.toc'.

\tf@lot=\write7
\openout7 = `dissertation.lot'.

\tf@lof=\write8
\openout8 = `dissertation.lof'.

 (dissertation.aux (frontmatter/frontmatter.aux) (chapters/chapter1.aux)
(chapters/chapter2.aux) (chapters/chapter3.aux))
 ***********
LaTeX2e <2025-11-01>
L3 programming layer <2020/03/25>
 ***********


LaTeX Warning: There were undefined references.

Package rerunfilecheck Info: File `dissertation.out' has not changed.
(rerunfilecheck)             Checksum: DF70FA79FEF5136DD977A29D43A4F9CE;6548.
 ) 
Here is how much of TeX's memory you used:
 20846 strings out of 467871
 324559 string characters out of 5418376
 802976 words of memory out of 5000000
 48750 multiletter control sequences out of 15000+600000
 685673 words of font info for 201 fonts, out of 8000000 for 9000
 1141 hyphenation exceptions out of 8191
 85i,12n,93p,1011b,663s stack positions out of 10000i,1000n,20000p,200000b,200000s
<C:/Users/dibis/AppData/Local/Programs/MiKTeX/fonts/type1/public/amsfonts/cm/
cmex10.pfb><C:/Users/dibis/AppData/Local/Programs/MiKTeX/fonts/type1/public/ams
fonts/cm/cmsy10.pfb><C:/Users/dibis/AppData/Local/Programs/MiKTeX/fonts/type1/p
ublic/amsfonts/cm/cmsy7.pfb><C:/Users/dibis/AppData/Local/Programs/MiKTeX/fonts
/type1/public/amsfonts/euler/euex10.pfb><C:/Users/dibis/AppData/Local/Programs/
MiKTeX/fonts/type1/public/amsfonts/euler/eufm10.pfb><C:/Users/dibis/AppData/Loc
al/Programs/MiKTeX/fonts/type1/public/amsfonts/euler/eufm7.pfb><C:/Users/dibis/
AppData/Local/Programs/MiKTeX/fonts/type1/public/amsfonts/euler/eurb10.pfb><C:/
Users/dibis/AppData/Local/Programs/MiKTeX/fonts/type1/public/amsfonts/euler/eur
m10.pfb><C:/Users/dibis/AppData/Local/Programs/MiKTeX/fonts/type1/public/amsfon
ts/euler/eurm7.pfb><C:/Users/dibis/AppData/Local/Programs/MiKTeX/fonts/type1/pu
blic/amsfonts/euler/eusm10.pfb><C:/Users/dibis/AppData/Local/Programs/MiKTeX/fo
nts/type1/public/lm/lmtt12.pfb><C:/Users/dibis/AppData/Local/Programs/MiKTeX/fo
nts/type1/public/amsfonts/symbols/msam10.pfb><C:/Users/dibis/AppData/Local/Prog
rams/MiKTeX/fonts/type1/public/tex-gyre/qplb.pfb><C:/Users/dibis/AppData/Local/
Programs/MiKTeX/fonts/type1/public/tex-gyre/qplr.pfb><C:/Users/dibis/AppData/Lo
cal/Programs/MiKTeX/fonts/type1/public/tex-gyre/qplri.pfb>
Output written on dissertation.pdf (104 pages, 678382 bytes).
PDF statistics:
 1540 PDF objects out of 1728 (max. 8388607)
 434 named destinations out of 1000 (max. 500000)
 33545 words of extra memory for PDF output out of 35830 (max. 10000000)

